#
# There is insufficient memory for the Java Runtime Environment to continue.
# Native memory allocation (malloc) failed to allocate 32744 bytes for ChunkPool::allocate
# Possible reasons:
#   The system is out of physical RAM or swap space
#   The process is running with CompressedOops enabled, and the Java Heap may be blocking the growth of the native heap
# Possible solutions:
#   Reduce memory load on the system
#   Increase physical memory or swap space
#   Check if swap backing store is full
#   Decrease Java heap size (-Xmx/-Xms)
#   Decrease number of Java threads
#   Decrease Java thread stack sizes (-Xss)
#   Set larger code cache with -XX:ReservedCodeCacheSize=
#   JVM is running with Unscaled Compressed Oops mode in which the Java heap is
#     placed in the first 4GB address space. The Java Heap base address is the
#     maximum limit for the native heap growth. Please use -XX:HeapBaseMinAddress
#     to set the Java Heap base and to place the Java Heap above 4GB virtual address.
# This output file may be truncated or incomplete.
#
#  Out of Memory Error (allocation.cpp:272), pid=11572, tid=0x0000000000002140
#
# JRE version: OpenJDK Runtime Environment (Zulu 8.68.0.21-CA-win64) (8.0_362-b09) (build 1.8.0_362-b09)
# Java VM: OpenJDK 64-Bit Server VM (25.362-b09 mixed mode windows-amd64 compressed oops)
# Failed to write core dump. Minidumps are not enabled by default on client versions of Windows
#

---------------  T H R E A D  ---------------

Current thread (0x0000022e33203800):  JavaThread "C2 CompilerThread1" daemon [_thread_in_native, id=8512, stack(0x0000003b35f00000,0x0000003b36000000)]

Stack: [0x0000003b35f00000,0x0000003b36000000]
[error occurred during error reporting (printing stack bounds), id 0xc0000005]

Native frames: (J=compiled Java code, j=interpreted, Vv=VM code, C=native code)


Current CompileTask:
C2:  12633 2942   !   4       java.net.URLClassLoader$1::run (81 bytes)


---------------  P R O C E S S  ---------------

Java Threads: ( => current thread )
  0x0000022e349fc800 JavaThread "Okio Watchdog" daemon [_thread_blocked, id=5424, stack(0x0000003b36d00000,0x0000003b36e00000)]
  0x0000022e349fa800 JavaThread "OkHttp ConnectionPool" daemon [_thread_blocked, id=2764, stack(0x0000003b36c00000,0x0000003b36d00000)]
  0x0000022e33fff800 JavaThread "ForkJoinPool.commonPool-worker-3" daemon [_thread_blocked, id=14320, stack(0x0000003b36b00000,0x0000003b36c00000)]
  0x0000022e33ffe800 JavaThread "ForkJoinPool.commonPool-worker-2" daemon [_thread_blocked, id=8360, stack(0x0000003b36a00000,0x0000003b36b00000)]
  0x0000022e3335c000 JavaThread "ForkJoinPool.commonPool-worker-1" daemon [_thread_blocked, id=13184, stack(0x0000003b36900000,0x0000003b36a00000)]
  0x0000022e36243000 JavaThread "Keep-Alive-Timer" daemon [_thread_blocked, id=8616, stack(0x0000003b36800000,0x0000003b36900000)]
  0x0000022e370a9800 JavaThread "Exec Stream Pumper" daemon [_thread_in_native, id=10200, stack(0x0000003b36600000,0x0000003b36700000)]
  0x0000022e36ddd800 JavaThread "Exec Stream Pumper" daemon [_thread_in_native, id=12068, stack(0x0000003b36500000,0x0000003b36600000)]
  0x0000022e3737e000 JavaThread "UrlChecker-2" daemon [_thread_blocked, id=8584, stack(0x0000003b36400000,0x0000003b36500000)]
  0x0000022e3737f800 JavaThread "Exec Default Executor" daemon [_thread_in_native, id=8120, stack(0x0000003b36300000,0x0000003b36400000)]
  0x0000022e31f2e000 JavaThread "Service Thread" daemon [_thread_blocked, id=7400, stack(0x0000003b36100000,0x0000003b36200000)]
  0x0000022e33209800 JavaThread "C1 CompilerThread2" daemon [_thread_blocked, id=5908, stack(0x0000003b36000000,0x0000003b36100000)]
=>0x0000022e33203800 JavaThread "C2 CompilerThread1" daemon [_thread_in_native, id=8512, stack(0x0000003b35f00000,0x0000003b36000000)]
  0x0000022e33202800 JavaThread "C2 CompilerThread0" daemon [_thread_blocked, id=7004, stack(0x0000003b35e00000,0x0000003b35f00000)]
  0x0000022e331df000 JavaThread "Attach Listener" daemon [_thread_blocked, id=232, stack(0x0000003b35d00000,0x0000003b35e00000)]
  0x0000022e33199800 JavaThread "Signal Dispatcher" daemon [_thread_blocked, id=3780, stack(0x0000003b35c00000,0x0000003b35d00000)]
  0x0000022e1bd1c000 JavaThread "Finalizer" daemon [_thread_blocked, id=15996, stack(0x0000003b35b00000,0x0000003b35c00000)]
  0x0000022e31e43000 JavaThread "Reference Handler" daemon [_thread_blocked, id=12604, stack(0x0000003b35a00000,0x0000003b35b00000)]
  0x0000022e1ba09000 JavaThread "Forwarding newSession on session null to remote" [_thread_in_native, id=13612, stack(0x0000003b35400000,0x0000003b35500000)]

Other Threads:
  0x0000022e31e1f000 VMThread [stack: 0x0000003b35900000,0x0000003b35a00000] [id=2032]
  0x0000022e33269800 WatcherThread [stack: 0x0000003b36200000,0x0000003b36300000] [id=12280]

VM state:not at safepoint (normal execution)

VM Mutex/Monitor currently owned by a thread: None

heap address: 0x0000000080000000, size: 2048 MB, Compressed Oops mode: 32-bit
Narrow klass base: 0x0000000000000000, Narrow klass shift: 3
Compressed class space size: 1073741824 Address: 0x0000000100000000

Heap:
 PSYoungGen      total 81408K, used 59722K [0x00000000d5580000, 0x00000000dad00000, 0x0000000100000000)
  eden space 73216K, 76% used [0x00000000d5580000,0x00000000d8c831a8,0x00000000d9d00000)
  from space 8192K, 41% used [0x00000000da480000,0x00000000da7cf970,0x00000000dac80000)
  to   space 7680K, 0% used [0x00000000d9d00000,0x00000000d9d00000,0x00000000da480000)
 ParOldGen       total 58368K, used 13846K [0x0000000080000000, 0x0000000083900000, 0x00000000d5580000)
  object space 58368K, 23% used [0x0000000080000000,0x0000000080d85808,0x0000000083900000)
 Metaspace       used 30499K, capacity 31332K, committed 31616K, reserved 1077248K
  class space    used 3606K, capacity 3859K, committed 3968K, reserved 1048576K

Card table byte_map: [0x0000022e2c890000,0x0000022e2cca0000] byte_map_base: 0x0000022e2c490000

Marking Bits: (ParMarkBitMap*) 0x0000000062d65390
 Begin Bits: [0x0000022e2cf50000, 0x0000022e2ef50000)
 End Bits:   [0x0000022e2ef50000, 0x0000022e30f50000)

Polling page: 0x0000022e1bbc0000

CodeCache: size=245760Kb used=12218Kb max_used=12223Kb free=233541Kb
 bounds [0x0000022e1d4d0000, 0x0000022e1e0d0000, 0x0000022e2c4d0000]
 total_blobs=3584 nmethods=2901 adapters=593
 compilation: enabled

Compilation events (10 events):
Event: 11.920 Thread 0x0000022e33202800 2938       4       java.util.regex.Pattern::has (15 bytes)
Event: 11.920 Thread 0x0000022e33209800 nmethod 2937 0x0000022e1e0b2510 code [0x0000022e1e0b2660, 0x0000022e1e0b2778]
Event: 11.920 Thread 0x0000022e33209800 2941       3       java.util.regex.Pattern$5::isSatisfiedBy (28 bytes)
Event: 11.921 Thread 0x0000022e33209800 nmethod 2941 0x0000022e1e0b1ed0 code [0x0000022e1e0b2060, 0x0000022e1e0b2400]
Event: 11.921 Thread 0x0000022e33202800 nmethod 2938 0x0000022e1e09e8d0 code [0x0000022e1e09ea00, 0x0000022e1e09ea78]
Event: 11.921 Thread 0x0000022e33209800 2939       3       java.util.regex.Pattern$CharProperty::<init> (5 bytes)
Event: 11.921 Thread 0x0000022e33209800 nmethod 2939 0x0000022e1e0c5250 code [0x0000022e1e0c53c0, 0x0000022e1e0c5658]
Event: 11.921 Thread 0x0000022e33209800 2940       3       java.util.regex.Pattern$CharProperty::<init> (5 bytes)
Event: 11.921 Thread 0x0000022e33209800 nmethod 2940 0x0000022e1e0c4dd0 code [0x0000022e1e0c4f40, 0x0000022e1e0c5178]
Event: 11.953 Thread 0x0000022e33203800 2942   !   4       java.net.URLClassLoader$1::run (81 bytes)

GC Heap History (10 events):
Event: 6.819 GC heap before
{Heap before GC invocations=11 (full 1):
 PSYoungGen      total 38912K, used 32256K [0x00000000d5580000, 0x00000000d8e80000, 0x0000000100000000)
  eden space 31744K, 100% used [0x00000000d5580000,0x00000000d7480000,0x00000000d7480000)
  from space 7168K, 7% used [0x00000000d7480000,0x00000000d7500000,0x00000000d7b80000)
  to   space 8192K, 0% used [0x00000000d8680000,0x00000000d8680000,0x00000000d8e80000)
 ParOldGen       total 58368K, used 8431K [0x0000000080000000, 0x0000000083900000, 0x00000000d5580000)
  object space 58368K, 14% used [0x0000000080000000,0x000000008083bc68,0x0000000083900000)
 Metaspace       used 22477K, capacity 22828K, committed 23088K, reserved 1069056K
  class space    used 2493K, capacity 2646K, committed 2688K, reserved 1048576K
Event: 6.822 GC heap after
Heap after GC invocations=11 (full 1):
 PSYoungGen      total 49152K, used 1866K [0x00000000d5580000, 0x00000000d8e00000, 0x0000000100000000)
  eden space 41472K, 0% used [0x00000000d5580000,0x00000000d5580000,0x00000000d7e00000)
  from space 7680K, 24% used [0x00000000d8680000,0x00000000d8852ab0,0x00000000d8e00000)
  to   space 8192K, 0% used [0x00000000d7e00000,0x00000000d7e00000,0x00000000d8600000)
 ParOldGen       total 58368K, used 8439K [0x0000000080000000, 0x0000000083900000, 0x00000000d5580000)
  object space 58368K, 14% used [0x0000000080000000,0x000000008083dc68,0x0000000083900000)
 Metaspace       used 22477K, capacity 22828K, committed 23088K, reserved 1069056K
  class space    used 2493K, capacity 2646K, committed 2688K, reserved 1048576K
}
Event: 7.429 GC heap before
{Heap before GC invocations=12 (full 1):
 PSYoungGen      total 49152K, used 43338K [0x00000000d5580000, 0x00000000d8e00000, 0x0000000100000000)
  eden space 41472K, 100% used [0x00000000d5580000,0x00000000d7e00000,0x00000000d7e00000)
  from space 7680K, 24% used [0x00000000d8680000,0x00000000d8852ab0,0x00000000d8e00000)
  to   space 8192K, 0% used [0x00000000d7e00000,0x00000000d7e00000,0x00000000d8600000)
 ParOldGen       total 58368K, used 8439K [0x0000000080000000, 0x0000000083900000, 0x00000000d5580000)
  object space 58368K, 14% used [0x0000000080000000,0x000000008083dc68,0x0000000083900000)
 Metaspace       used 22861K, capacity 23206K, committed 23424K, reserved 1071104K
  class space    used 2521K, capacity 2662K, committed 2688K, reserved 1048576K
Event: 7.438 GC heap after
Heap after GC invocations=12 (full 1):
 PSYoungGen      total 49664K, used 2485K [0x00000000d5580000, 0x00000000d9b80000, 0x0000000100000000)
  eden space 41472K, 0% used [0x00000000d5580000,0x00000000d5580000,0x00000000d7e00000)
  from space 8192K, 30% used [0x00000000d7e00000,0x00000000d806d560,0x00000000d8600000)
  to   space 8192K, 0% used [0x00000000d9380000,0x00000000d9380000,0x00000000d9b80000)
 ParOldGen       total 58368K, used 8719K [0x0000000080000000, 0x0000000083900000, 0x00000000d5580000)
  object space 58368K, 14% used [0x0000000080000000,0x0000000080883cc8,0x0000000083900000)
 Metaspace       used 22861K, capacity 23206K, committed 23424K, reserved 1071104K
  class space    used 2521K, capacity 2662K, committed 2688K, reserved 1048576K
}
Event: 7.897 GC heap before
{Heap before GC invocations=13 (full 1):
 PSYoungGen      total 49664K, used 43957K [0x00000000d5580000, 0x00000000d9b80000, 0x0000000100000000)
  eden space 41472K, 100% used [0x00000000d5580000,0x00000000d7e00000,0x00000000d7e00000)
  from space 8192K, 30% used [0x00000000d7e00000,0x00000000d806d560,0x00000000d8600000)
  to   space 8192K, 0% used [0x00000000d9380000,0x00000000d9380000,0x00000000d9b80000)
 ParOldGen       total 58368K, used 8719K [0x0000000080000000, 0x0000000083900000, 0x00000000d5580000)
  object space 58368K, 14% used [0x0000000080000000,0x0000000080883cc8,0x0000000083900000)
 Metaspace       used 23058K, capacity 23398K, committed 23680K, reserved 1071104K
  class space    used 2527K, capacity 2662K, committed 2688K, reserved 1048576K
Event: 7.902 GC heap after
Heap after GC invocations=13 (full 1):
 PSYoungGen      total 63488K, used 257K [0x00000000d5580000, 0x00000000d9b80000, 0x0000000100000000)
  eden space 55296K, 0% used [0x00000000d5580000,0x00000000d5580000,0x00000000d8b80000)
  from space 8192K, 3% used [0x00000000d9380000,0x00000000d93c05d0,0x00000000d9b80000)
  to   space 8192K, 0% used [0x00000000d8b80000,0x00000000d8b80000,0x00000000d9380000)
 ParOldGen       total 58368K, used 11022K [0x0000000080000000, 0x0000000083900000, 0x00000000d5580000)
  object space 58368K, 18% used [0x0000000080000000,0x0000000080ac3a20,0x0000000083900000)
 Metaspace       used 23058K, capacity 23398K, committed 23680K, reserved 1071104K
  class space    used 2527K, capacity 2662K, committed 2688K, reserved 1048576K
}
Event: 8.576 GC heap before
{Heap before GC invocations=14 (full 1):
 PSYoungGen      total 63488K, used 55553K [0x00000000d5580000, 0x00000000d9b80000, 0x0000000100000000)
  eden space 55296K, 100% used [0x00000000d5580000,0x00000000d8b80000,0x00000000d8b80000)
  from space 8192K, 3% used [0x00000000d9380000,0x00000000d93c05d0,0x00000000d9b80000)
  to   space 8192K, 0% used [0x00000000d8b80000,0x00000000d8b80000,0x00000000d9380000)
 ParOldGen       total 58368K, used 11022K [0x0000000080000000, 0x0000000083900000, 0x00000000d5580000)
  object space 58368K, 18% used [0x0000000080000000,0x0000000080ac3a20,0x0000000083900000)
 Metaspace       used 23302K, capacity 23700K, committed 24064K, reserved 1071104K
  class space    used 2545K, capacity 2696K, committed 2816K, reserved 1048576K
Event: 8.581 GC heap after
Heap after GC invocations=14 (full 1):
 PSYoungGen      total 63488K, used 2944K [0x00000000d5580000, 0x00000000dac80000, 0x0000000100000000)
  eden space 55296K, 0% used [0x00000000d5580000,0x00000000d5580000,0x00000000d8b80000)
  from space 8192K, 35% used [0x00000000d8b80000,0x00000000d8e60000,0x00000000d9380000)
  to   space 8192K, 0% used [0x00000000da480000,0x00000000da480000,0x00000000dac80000)
 ParOldGen       total 58368K, used 11070K [0x0000000080000000, 0x0000000083900000, 0x00000000d5580000)
  object space 58368K, 18% used [0x0000000080000000,0x0000000080acfa20,0x0000000083900000)
 Metaspace       used 23302K, capacity 23700K, committed 24064K, reserved 1071104K
  class space    used 2545K, capacity 2696K, committed 2816K, reserved 1048576K
}
Event: 9.448 GC heap before
{Heap before GC invocations=15 (full 1):
 PSYoungGen      total 63488K, used 58240K [0x00000000d5580000, 0x00000000dac80000, 0x0000000100000000)
  eden space 55296K, 100% used [0x00000000d5580000,0x00000000d8b80000,0x00000000d8b80000)
  from space 8192K, 35% used [0x00000000d8b80000,0x00000000d8e60000,0x00000000d9380000)
  to   space 8192K, 0% used [0x00000000da480000,0x00000000da480000,0x00000000dac80000)
 ParOldGen       total 58368K, used 11070K [0x0000000080000000, 0x0000000083900000, 0x00000000d5580000)
  object space 58368K, 18% used [0x0000000080000000,0x0000000080acfa20,0x0000000083900000)
 Metaspace       used 25041K, capacity 25460K, committed 25856K, reserved 1073152K
  class space    used 2820K, capacity 2963K, committed 3072K, reserved 1048576K
Event: 9.462 GC heap after
Heap after GC invocations=15 (full 1):
 PSYoungGen      total 81408K, used 3390K [0x00000000d5580000, 0x00000000dad00000, 0x0000000100000000)
  eden space 73216K, 0% used [0x00000000d5580000,0x00000000d5580000,0x00000000d9d00000)
  from space 8192K, 41% used [0x00000000da480000,0x00000000da7cf970,0x00000000dac80000)
  to   space 7680K, 0% used [0x00000000d9d00000,0x00000000d9d00000,0x00000000da480000)
 ParOldGen       total 58368K, used 13846K [0x0000000080000000, 0x0000000083900000, 0x00000000d5580000)
  object space 58368K, 23% used [0x0000000080000000,0x0000000080d85808,0x0000000083900000)
 Metaspace       used 25041K, capacity 25460K, committed 25856K, reserved 1073152K
  class space    used 2820K, capacity 2963K, committed 3072K, reserved 1048576K
}

Deoptimization events (10 events):
Event: 10.520 Thread 0x0000022e1ba09000 Uncommon trap: reason=unstable_if action=reinterpret pc=0x0000022e1dc8bfb8 method=java.lang.StringCoding.safeTrim([CILjava/nio/charset/Charset;Z)[C @ 3
Event: 10.638 Thread 0x0000022e1ba09000 Uncommon trap: reason=unstable_if action=reinterpret pc=0x0000022e1d6a3984 method=java.lang.String.replace(CC)Ljava/lang/String; @ 2
Event: 11.704 Thread 0x0000022e1ba09000 Uncommon trap: reason=bimorphic action=maybe_recompile pc=0x0000022e1dfd38fc method=java.util.regex.Matcher.search(I)Z @ 86
Event: 11.704 Thread 0x0000022e1ba09000 Uncommon trap: reason=bimorphic action=maybe_recompile pc=0x0000022e1dfd38fc method=java.util.regex.Matcher.search(I)Z @ 86
Event: 11.705 Thread 0x0000022e1ba09000 Uncommon trap: reason=bimorphic action=maybe_recompile pc=0x0000022e1dfd38fc method=java.util.regex.Matcher.search(I)Z @ 86
Event: 11.705 Thread 0x0000022e1ba09000 Uncommon trap: reason=bimorphic action=maybe_recompile pc=0x0000022e1dfd38fc method=java.util.regex.Matcher.search(I)Z @ 86
Event: 11.705 Thread 0x0000022e1ba09000 Uncommon trap: reason=unstable_if action=reinterpret pc=0x0000022e1d63bc2c method=java.util.regex.Pattern$CharProperty.match(Ljava/util/regex/Matcher;ILjava/lang/CharSequence;)Z @ 21
Event: 11.894 Thread 0x0000022e1ba09000 Uncommon trap: reason=unstable_if action=reinterpret pc=0x0000022e1df641d8 method=java.util.regex.Pattern$BmpCharProperty.match(Ljava/util/regex/Matcher;ILjava/lang/CharSequence;)Z @ 34
Event: 11.958 Thread 0x0000022e1ba09000 Uncommon trap: reason=class_check action=maybe_recompile pc=0x0000022e1dfae88c method=java.util.HashSet.contains(Ljava/lang/Object;)Z @ 5
Event: 11.958 Thread 0x0000022e1ba09000 Uncommon trap: reason=class_check action=maybe_recompile pc=0x0000022e1dfae88c method=java.util.HashSet.contains(Ljava/lang/Object;)Z @ 5

Classes redefined (0 events):
No events

Internal exceptions (10 events):
Event: 9.296 Thread 0x0000022e1ba09000 Exception <a 'java/lang/ClassNotFoundException': com/kms/katalon/core/webui/keyword/internal/WebUIAbstractKeywordCustomizer> (0x00000000d826a378) thrown at [C:\jenkins\workspace\zulu-platform-build\zulu-src.git\hotspot\src\share\vm\classfile\systemDiction
Event: 9.309 Thread 0x0000022e1ba09000 Exception <a 'java/lang/ClassNotFoundException': com/kms/katalon/core/webui/keyword/builtin/OpenBrowserKeywordCustomizer> (0x00000000d835ca18) thrown at [C:\jenkins\workspace\zulu-platform-build\zulu-src.git\hotspot\src\share\vm\classfile\systemDictionary
Event: 9.326 Thread 0x0000022e1ba09000 Exception <a 'java/lang/ClassNotFoundException': com/kms/katalon/core/logging/KeywordLoggerBeanInfo> (0x00000000d8460870) thrown at [C:\jenkins\workspace\zulu-platform-build\zulu-src.git\hotspot\src\share\vm\classfile\systemDictionary.cpp, line 220]
Event: 9.339 Thread 0x0000022e1ba09000 Exception <a 'java/lang/ClassNotFoundException': com/kms/katalon/core/logging/KeywordLoggerCustomizer> (0x00000000d8522fd0) thrown at [C:\jenkins\workspace\zulu-platform-build\zulu-src.git\hotspot\src\share\vm\classfile\systemDictionary.cpp, line 220]
Event: 9.368 Thread 0x0000022e1ba09000 Exception <a 'java/lang/ClassNotFoundException': com/kms/katalon/core/webui/keyword/builtin/InternalSmartWaitGroovyWrapperBeanInfo> (0x00000000d87d6290) thrown at [C:\jenkins\workspace\zulu-platform-build\zulu-src.git\hotspot\src\share\vm\classfile\system
Event: 9.377 Thread 0x0000022e1ba09000 Exception <a 'java/lang/ClassNotFoundException': com/kms/katalon/core/webui/keyword/builtin/InternalSmartWaitGroovyWrapperCustomizer> (0x00000000d88ddfa8) thrown at [C:\jenkins\workspace\zulu-platform-build\zulu-src.git\hotspot\src\share\vm\classfile\syst
Event: 11.306 Thread 0x0000022e3737e000 Exception <a 'java/net/SocketTimeoutException': connect timed out> (0x00000000d72d4e50) thrown at [C:\jenkins\workspace\zulu-platform-build\zulu-src.git\hotspot\src\share\vm\prims\jni.cpp, line 736]
Event: 11.381 Thread 0x0000022e1ba09000 Exception <a 'java/lang/IncompatibleClassChangeError': Found class java.lang.Object, but interface was expected> (0x00000000d755e588) thrown at [C:\jenkins\workspace\zulu-platform-build\zulu-src.git\hotspot\src\share\vm\interpreter\linkResolver.cpp, line 
Event: 11.388 Thread 0x0000022e1ba09000 Exception <a 'java/lang/NoSuchMethodError': java.lang.Object.lambda$or$2(Ljava/util/function/Predicate;Ljava/lang/Object;)Z> (0x00000000d757b2d0) thrown at [C:\jenkins\workspace\zulu-platform-build\zulu-src.git\hotspot\src\share\vm\interpreter\linkResolve
Event: 11.524 Thread 0x0000022e1ba09000 Exception <a 'java/lang/NoSuchMethodError': java.lang.Object.lambda$chars$0()Ljava/util/Spliterator$OfInt;> (0x00000000d7919a08) thrown at [C:\jenkins\workspace\zulu-platform-build\zulu-src.git\hotspot\src\share\vm\interpreter\linkResolver.cpp, line 620]

Events (10 events):
Event: 11.958 Thread 0x0000022e1ba09000 DEOPT UNPACKING pc=0x0000022e1d515683 sp=0x0000003b354fc590 mode 2
Event: 11.958 Thread 0x0000022e1ba09000 Uncommon trap: trap_request=0xffffffde fr.pc=0x0000022e1dfae88c
Event: 11.958 Thread 0x0000022e1ba09000 DEOPT PACKING pc=0x0000022e1dfae88c sp=0x0000003b354fc5e0
Event: 11.958 Thread 0x0000022e1ba09000 DEOPT UNPACKING pc=0x0000022e1d515683 sp=0x0000003b354fc590 mode 2
Event: 11.964 loading class java/net/UnknownServiceException
Event: 11.964 loading class java/net/UnknownServiceException done
Event: 11.988 Thread 0x0000022e349fa800 Thread added: 0x0000022e349fa800
Event: 11.989 Executing VM operation: RevokeBias
Event: 11.989 Executing VM operation: RevokeBias done
Event: 12.002 Thread 0x0000022e349fc800 Thread added: 0x0000022e349fc800


Dynamic libraries:
0x00007ff7959d0000 - 0x00007ff795a21000 	C:\Users\Ams\Downloads\Katalon_Studio_Windows_64-8.6.5\Katalon_Studio_Windows_64-8.6.5\jre\bin\javaw.exe
0x00007ffa0edb0000 - 0x00007ffa0efa8000 	C:\WINDOWS\SYSTEM32\ntdll.dll
0x00007ff9fff80000 - 0x00007ff9fff99000 	C:\Program Files\Avast Software\Avast\aswhook.dll
0x00007ffa0e470000 - 0x00007ffa0e52f000 	C:\WINDOWS\System32\KERNEL32.DLL
0x00007ffa0c700000 - 0x00007ffa0c9f6000 	C:\WINDOWS\System32\KERNELBASE.dll
0x00007ffa0e830000 - 0x00007ffa0e8df000 	C:\WINDOWS\System32\ADVAPI32.dll
0x00007ffa0d390000 - 0x00007ffa0d42e000 	C:\WINDOWS\System32\msvcrt.dll
0x00007ffa0ecd0000 - 0x00007ffa0ed6c000 	C:\WINDOWS\System32\sechost.dll
0x00007ffa0eb80000 - 0x00007ffa0eca6000 	C:\WINDOWS\System32\RPCRT4.dll
0x00007ffa0e2d0000 - 0x00007ffa0e46d000 	C:\WINDOWS\System32\USER32.dll
0x00007ffa0cde0000 - 0x00007ffa0ce02000 	C:\WINDOWS\System32\win32u.dll
0x00007ffa0d280000 - 0x00007ffa0d2ac000 	C:\WINDOWS\System32\GDI32.dll
0x00007ffa0ccc0000 - 0x00007ffa0cdd5000 	C:\WINDOWS\System32\gdi32full.dll
0x00007ffa0ca00000 - 0x00007ffa0ca9d000 	C:\WINDOWS\System32\msvcp_win.dll
0x00007ffa0c540000 - 0x00007ffa0c640000 	C:\WINDOWS\System32\ucrtbase.dll
0x00007ff9ed9b0000 - 0x00007ff9edc4a000 	C:\WINDOWS\WinSxS\amd64_microsoft.windows.common-controls_6595b64144ccf1df_6.0.19041.1110_none_60b5254171f9507e\COMCTL32.dll
0x00007ffa0d440000 - 0x00007ffa0d470000 	C:\WINDOWS\System32\IMM32.DLL
0x0000000062570000 - 0x0000000062de0000 	C:\Users\Ams\Downloads\Katalon_Studio_Windows_64-8.6.5\Katalon_Studio_Windows_64-8.6.5\jre\bin\server\jvm.dll
0x00007ffa0e820000 - 0x00007ffa0e828000 	C:\WINDOWS\System32\PSAPI.DLL
0x00007ff9f7b70000 - 0x00007ff9f7b8b000 	C:\WINDOWS\SYSTEM32\VCRUNTIME140.dll
0x00007ff9f7e20000 - 0x00007ff9f7e47000 	C:\WINDOWS\SYSTEM32\WINMM.dll
0x00007ff9fff30000 - 0x00007ff9fff39000 	C:\WINDOWS\SYSTEM32\WSOCK32.dll
0x00007ffa0d6c0000 - 0x00007ffa0d72b000 	C:\WINDOWS\System32\WS2_32.dll
0x00007ffa03260000 - 0x00007ffa0326a000 	C:\WINDOWS\SYSTEM32\VERSION.dll
0x00007ffa0ac90000 - 0x00007ffa0aca2000 	C:\WINDOWS\SYSTEM32\kernel.appcore.dll
0x00007ff9fa010000 - 0x00007ff9fa020000 	C:\Users\Ams\Downloads\Katalon_Studio_Windows_64-8.6.5\Katalon_Studio_Windows_64-8.6.5\jre\bin\verify.dll
0x00007ff9ee7a0000 - 0x00007ff9ee7cb000 	C:\Users\Ams\Downloads\Katalon_Studio_Windows_64-8.6.5\Katalon_Studio_Windows_64-8.6.5\jre\bin\java.dll
0x00007ff9ee9f0000 - 0x00007ff9eea08000 	C:\Users\Ams\Downloads\Katalon_Studio_Windows_64-8.6.5\Katalon_Studio_Windows_64-8.6.5\jre\bin\zip.dll
0x00007ffa0db20000 - 0x00007ffa0e264000 	C:\WINDOWS\System32\SHELL32.dll
0x00007ffa0a3f0000 - 0x00007ffa0ab83000 	C:\WINDOWS\SYSTEM32\windows.storage.dll
0x00007ffa0d7c0000 - 0x00007ffa0db14000 	C:\WINDOWS\System32\combase.dll
0x00007ffa0bd20000 - 0x00007ffa0bd4e000 	C:\WINDOWS\SYSTEM32\Wldp.dll
0x00007ffa0ea60000 - 0x00007ffa0eb0d000 	C:\WINDOWS\System32\SHCORE.dll
0x00007ffa0eb20000 - 0x00007ffa0eb75000 	C:\WINDOWS\System32\shlwapi.dll
0x00007ffa0c3d0000 - 0x00007ffa0c3ef000 	C:\WINDOWS\SYSTEM32\profapi.dll
0x00007ff9ef0a0000 - 0x00007ff9ef0bc000 	C:\Users\Ams\Downloads\Katalon_Studio_Windows_64-8.6.5\Katalon_Studio_Windows_64-8.6.5\jre\bin\net.dll
0x00007ffa0bb00000 - 0x00007ffa0bb6a000 	C:\WINDOWS\system32\mswsock.dll
0x00007ff9ef080000 - 0x00007ff9ef093000 	C:\Users\Ams\Downloads\Katalon_Studio_Windows_64-8.6.5\Katalon_Studio_Windows_64-8.6.5\jre\bin\nio.dll
0x00007ffa0b850000 - 0x00007ffa0b91a000 	C:\WINDOWS\SYSTEM32\DNSAPI.dll
0x00007ffa0b810000 - 0x00007ffa0b84c000 	C:\WINDOWS\SYSTEM32\IPHLPAPI.DLL
0x00007ffa0eb10000 - 0x00007ffa0eb18000 	C:\WINDOWS\System32\NSI.dll
0x00007ffa00c30000 - 0x00007ffa00c3a000 	C:\Windows\System32\rasadhlp.dll
0x00007ffa013d0000 - 0x00007ffa01452000 	C:\WINDOWS\System32\fwpuclnt.dll
0x00007ffa0c640000 - 0x00007ffa0c667000 	C:\WINDOWS\System32\bcrypt.dll
0x00007ff9ee290000 - 0x00007ff9ee2b4000 	C:\Users\Ams\Downloads\Katalon_Studio_Windows_64-8.6.5\Katalon_Studio_Windows_64-8.6.5\jre\bin\sunec.dll
0x00007ff9ef470000 - 0x00007ff9ef47d000 	C:\Users\Ams\Downloads\Katalon_Studio_Windows_64-8.6.5\Katalon_Studio_Windows_64-8.6.5\jre\bin\sunmscapi.dll
0x00007ffa0caa0000 - 0x00007ffa0cbfe000 	C:\WINDOWS\System32\CRYPT32.dll
0x00007ffa0be70000 - 0x00007ffa0be98000 	C:\WINDOWS\SYSTEM32\ncrypt.dll
0x00007ffa0be30000 - 0x00007ffa0be6b000 	C:\WINDOWS\SYSTEM32\NTASN1.dll
0x00007ffa0bd60000 - 0x00007ffa0bd78000 	C:\WINDOWS\SYSTEM32\CRYPTSP.dll
0x00007ffa0b440000 - 0x00007ffa0b474000 	C:\WINDOWS\system32\rsaenh.dll
0x00007ffa0c390000 - 0x00007ffa0c3be000 	C:\WINDOWS\SYSTEM32\USERENV.dll
0x00007ffa0c670000 - 0x00007ffa0c6f2000 	C:\WINDOWS\System32\bcryptprimitives.dll
0x00007ffa0bc90000 - 0x00007ffa0bc9c000 	C:\WINDOWS\SYSTEM32\CRYPTBASE.dll
0x00007ffa01fd0000 - 0x00007ffa01fe7000 	C:\WINDOWS\SYSTEM32\dhcpcsvc6.DLL
0x00007ffa020e0000 - 0x00007ffa020fd000 	C:\WINDOWS\SYSTEM32\dhcpcsvc.DLL

VM Arguments:
jvm_args: -Dgroovy.home=C:\Users\Ams/.groovy -Djava.system.class.loader=groovy.lang.GroovyClassLoader -Xmx2048m -Dfile.encoding=UTF-8 
java_command: org.codehaus.groovy.tools.GroovyStarter --classpath C:\Users\Ams\Katalon Studio\Barbera-Testing\bin\keyword;C:\Users\Ams\Katalon Studio\Barbera-Testing\Keywords;C:\Users\Ams\Katalon Studio\Barbera-Testing\bin\listener;C:\Users\Ams\Katalon Studio\Barbera-Testing\Test Listeners;C:\Users\Ams\Katalon Studio\Barbera-Testing\bin\lib;C:\Users\Ams\Katalon Studio\Barbera-Testing\Libs;C:\Users\Ams\Katalon Studio\Barbera-Testing\bin\groovy;C:\Users\Ams\Katalon Studio\Barbera-Testing\Include\scripts\groovy;C:\Users\Ams\Downloads\Katalon_Studio_Windows_64-8.6.5\Katalon_Studio_Windows_64-8.6.5\plugins\com.kms.katalon.core_1.0.0.202305240718.jar;C:\Users\Ams\Downloads\Katalon_Studio_Windows_64-8.6.5\Katalon_Studio_Windows_64-8.6.5\configuration\resources\lib\aalto-xml-1.0.0.jar;C:\Users\Ams\Downloads\Katalon_Studio_Windows_64-8.6.5\Katalon_Studio_Windows_64-8.6.5\configuration\resources\lib\aspectjweaver-1.9.1.jar;C:\Users\Ams\Downloads\Katalon_Studio_Windows_64-8.6.5\Katalon_Studio_Windows_64-8.6.5\configuration\resources\lib\bcpkix-jdk15on-1.64.jar;C:\Users\Ams\Downloads\Katalon_Studio_Windows_64-8.6.5\Katalon_Studio_Windows_64-8.6.5\configuration\resources\lib\bcprov-jdk15on-1.64.jar;C:\Users\Ams\Downloads\Katalon_Studio_Windows_64-8.6.5\Katalon_Studio_Windows_64-8.6.5\configuration\resources\lib\browsermob-core-2.1.5.jar;C:\Users\Ams\Downloads\Katalon_Studio_Windows_64-8.6.5\Katalon_Studio_Windows_64-8.6.5\configuration\resources\lib\cglib-3.2.10.jar;C:\Users\Ams\Downloads\Katalon_Studio_Windows_64-8.6.5\Katalon_Studio_Windows_64-8.6.5\configuration\resources\lib\commons-codec-1.10.jar;C:\Users\Ams\Downloads\Katalon_Studio_Windows_64-8.6.5\Katalon_Studio_Windows_64-8.6.5\configuration\resources\lib\commons-collections4-4.1.jar;C:\Users\Ams\Downloads\Katalon_Studio_Windows_64-8.6.5\Katalon_Studio_Windows_64-8.6.5\configuration\resources\lib\commons-validator-1.6.jar;C:\Users\Ams\Downloads\Katalon_Studio_Windows_64-8.6.5\Katalon_Studio_Windows_64-8.6.5\configurat
java_class_path (initial): C:\Users\Ams\Katalon Studio\Barbera-Testing\bin\keyword;C:\Users\Ams\Katalon Studio\Barbera-Testing\bin\listener;C:\Users\Ams\Katalon Studio\Barbera-Testing\bin\lib;C:\Users\Ams\Katalon Studio\Barbera-Testing\bin\groovy;C:\Users\Ams\Katalon Studio\Barbera-Testing\bin;C:\Users\Ams\Downloads\Katalon_Studio_Windows_64-8.6.5\Katalon_Studio_Windows_64-8.6.5\plugins\com.kms.katalon.core_1.0.0.202305240718.jar;C:\Users\Ams\Downloads\Katalon_Studio_Windows_64-8.6.5\Katalon_Studio_Windows_64-8.6.5\configuration\resources\lib\aalto-xml-1.0.0.jar;C:\Users\Ams\Downloads\Katalon_Studio_Windows_64-8.6.5\Katalon_Studio_Windows_64-8.6.5\configuration\resources\lib\aspectjweaver-1.9.1.jar;C:\Users\Ams\Downloads\Katalon_Studio_Windows_64-8.6.5\Katalon_Studio_Windows_64-8.6.5\configuration\resources\lib\bcpkix-jdk15on-1.64.jar;C:\Users\Ams\Downloads\Katalon_Studio_Windows_64-8.6.5\Katalon_Studio_Windows_64-8.6.5\configuration\resources\lib\bcprov-jdk15on-1.64.jar;C:\Users\Ams\Downloads\Katalon_Studio_Windows_64-8.6.5\Katalon_Studio_Windows_64-8.6.5\configuration\resources\lib\browsermob-core-2.1.5.jar;C:\Users\Ams\Downloads\Katalon_Studio_Windows_64-8.6.5\Katalon_Studio_Windows_64-8.6.5\configuration\resources\lib\cglib-3.2.10.jar;C:\Users\Ams\Downloads\Katalon_Studio_Windows_64-8.6.5\Katalon_Studio_Windows_64-8.6.5\configuration\resources\lib\commons-codec-1.10.jar;C:\Users\Ams\Downloads\Katalon_Studio_Windows_64-8.6.5\Katalon_Studio_Windows_64-8.6.5\configuration\resources\lib\commons-collections4-4.1.jar;C:\Users\Ams\Downloads\Katalon_Studio_Windows_64-8.6.5\Katalon_Studio_Windows_64-8.6.5\configuration\resources\lib\commons-validator-1.6.jar;C:\Users\Ams\Downloads\Katalon_Studio_Windows_64-8.6.5\Katalon_Studio_Windows_64-8.6.5\configuration\resources\lib\curvesapi-1.04.jar;C:\Users\Ams\Downloads\Katalon_Studio_Windows_64-8.6.5\Katalon_Studio_Windows_64-8.6.5\configuration\resources\lib\dnsjava-2.1.8.jar;C:\Users\Ams\Downloads\Katalon_Studio_Windows_64-
Launcher Type: SUN_STANDARD

Environment Variables:
PATH=C:/Users/Ams/Downloads/Katalon_Studio_Windows_64-8.6.5/Katalon_Studio_Windows_64-8.6.5/jre/bin/server;C:/Users/Ams/Downloads/Katalon_Studio_Windows_64-8.6.5/Katalon_Studio_Windows_64-8.6.5/jre/bin;C:/Users/Ams/Downloads/Katalon_Studio_Windows_64-8.6.5/Katalon_Studio_Windows_64-8.6.5/jre/lib/amd64;E:\oracle\product\10.2.0\db_2\bin;E:\Oracle\bin;F:\Python Stuff\Scripts\;F:\Python Stuff\;E:\python\Scripts\;E:\python\;C:\WINDOWS\system32;C:\WINDOWS;C:\WINDOWS\System32\Wbem;C:\WINDOWS\System32\WindowsPowerShell\v1.0\;C:\WINDOWS\System32\OpenSSH\;E:\mingw32\bin;C:\Program Files\Git\cmd;C:\Program Files\Geth;C:\ProgramData\chocolatey\bin;E:\ALL SOFTWARES(SHAYAN)\;C:\Users\Ams\AppData\Local\Microsoft\WindowsApps;E:\ALL SOFTWARES(SHAYAN)\GitHubDesktop\bin;C:\Program Files\Azure Data Studio\bin;C:\Program Files\heroku\bin;C:\Program Files\MongoDB\Server\5.0\bin;C:\Users\Ams\AppData\Local\Programs\Microsoft VS Code\bin;E:\android\Sdk\platform-tools;C:\Users\Ams\AppData\Roaming\npm;C:\Program Files\nodejs;E:\ALL SOFTWARES(SHAYAN)\msys64\mingw64\bin;;C:\Users\Ams\Downloads\Katalon_Studio_Windows_64-8.6.5\Katalon_Studio_Windows_64-8.6.5;
USERNAME=Ams
OS=Windows_NT
PROCESSOR_IDENTIFIER=Intel64 Family 6 Model 42 Stepping 7, GenuineIntel



---------------  S Y S T E M  ---------------

OS: Windows 10 , 64 bit Build 19041 (10.0.19041.3031)
HyperV virtualization detected

CPU:total 4 (initial active 4) (2 cores per cpu, 2 threads per core) family 6 model 42 stepping 7, cmov, cx8, fxsr, mmx, sse, sse2, sse3, ssse3, sse4.1, sse4.2, popcnt, avx, aes, clmul, ht, tsc, tscinvbit

Memory: 4k page, physical 8266428k(1403800k free), swap 10217148k(3680k free)

vm_info: OpenJDK 64-Bit Server VM (25.362-b09) for windows-amd64 JRE (Zulu 8.68.0.21-CA-win64) (1.8.0_362-b09), built on Jan 19 2023 16:49:02 by "tester" with MS VC++ 15.9 (VS2017)

time: Sun Jul  2 15:58:09 2023
timezone: Pakistan Standard Time
elapsed time: 12.656917 seconds (0d 0h 0m 12s)

