#
# There is insufficient memory for the Java Runtime Environment to continue.
# Native memory allocation (malloc) failed to allocate 893008 bytes for Chunk::new
# Possible reasons:
#   The system is out of physical RAM or swap space
#   The process is running with CompressedOops enabled, and the Java Heap may be blocking the growth of the native heap
# Possible solutions:
#   Reduce memory load on the system
#   Increase physical memory or swap space
#   Check if swap backing store is full
#   Decrease Java heap size (-Xmx/-Xms)
#   Decrease number of Java threads
#   Decrease Java thread stack sizes (-Xss)
#   Set larger code cache with -XX:ReservedCodeCacheSize=
#   JVM is running with Unscaled Compressed Oops mode in which the Java heap is
#     placed in the first 4GB address space. The Java Heap base address is the
#     maximum limit for the native heap growth. Please use -XX:HeapBaseMinAddress
#     to set the Java Heap base and to place the Java Heap above 4GB virtual address.
# This output file may be truncated or incomplete.
#
#  Out of Memory Error (allocation.cpp:389), pid=15672, tid=0x00000000000037c8
#
# JRE version: OpenJDK Runtime Environment (Zulu 8.68.0.21-CA-win64) (8.0_362-b09) (build 1.8.0_362-b09)
# Java VM: OpenJDK 64-Bit Server VM (25.362-b09 mixed mode windows-amd64 compressed oops)
# Failed to write core dump. Minidumps are not enabled by default on client versions of Windows
#

---------------  T H R E A D  ---------------

Current thread (0x000001f9c905d800):  JavaThread "C2 CompilerThread0" daemon [_thread_in_native, id=14280, stack(0x0000003037700000,0x0000003037800000)]

Stack: [0x0000003037700000,0x0000003037800000]
[error occurred during error reporting (printing stack bounds), id 0xc0000005]

Native frames: (J=compiled Java code, j=interpreted, Vv=VM code, C=native code)


Current CompileTask:
C2:  12338 2773       4       java.net.URLClassLoader$1::run (5 bytes)


---------------  P R O C E S S  ---------------

Java Threads: ( => current thread )
  0x000001f9c977a800 JavaThread "ForkJoinPool.commonPool-worker-3" daemon [_thread_blocked, id=4860, stack(0x0000003038400000,0x0000003038500000)]
  0x000001f9cd60c800 JavaThread "ForkJoinPool.commonPool-worker-2" daemon [_thread_blocked, id=16216, stack(0x0000003038300000,0x0000003038400000)]
  0x000001f9cb39e800 JavaThread "ForkJoinPool.commonPool-worker-1" daemon [_thread_blocked, id=12060, stack(0x0000003038200000,0x0000003038300000)]
  0x000001f9c9c12800 JavaThread "Keep-Alive-Timer" daemon [_thread_blocked, id=11912, stack(0x0000003038100000,0x0000003038200000)]
  0x000001f9cdcf0800 JavaThread "Exec Stream Pumper" daemon [_thread_in_native, id=3776, stack(0x0000003038000000,0x0000003038100000)]
  0x000001f9ca9da800 JavaThread "Exec Stream Pumper" daemon [_thread_in_native, id=15968, stack(0x0000003037e00000,0x0000003037f00000)]
  0x000001f9ce047800 JavaThread "UrlChecker-2" daemon [_thread_blocked, id=4008, stack(0x0000003037d00000,0x0000003037e00000)]
  0x000001f9cd57b800 JavaThread "Exec Default Executor" daemon [_thread_in_native, id=7180, stack(0x0000003037c00000,0x0000003037d00000)]
  0x000001f9c90ef000 JavaThread "Service Thread" daemon [_thread_blocked, id=14088, stack(0x0000003037a00000,0x0000003037b00000)]
  0x000001f9c9062800 JavaThread "C1 CompilerThread2" daemon [_thread_in_native, id=13348, stack(0x0000003037900000,0x0000003037a00000)]
  0x000001f9c905e800 JavaThread "C2 CompilerThread1" daemon [_thread_in_native, id=576, stack(0x0000003037800000,0x0000003037900000)]
=>0x000001f9c905d800 JavaThread "C2 CompilerThread0" daemon [_thread_in_native, id=14280, stack(0x0000003037700000,0x0000003037800000)]
  0x000001f9c903a000 JavaThread "Attach Listener" daemon [_thread_blocked, id=2332, stack(0x0000003037600000,0x0000003037700000)]
  0x000001f9c9039000 JavaThread "Signal Dispatcher" daemon [_thread_blocked, id=2360, stack(0x0000003037500000,0x0000003037600000)]
  0x000001f9c79ac800 JavaThread "Finalizer" daemon [_thread_blocked, id=4016, stack(0x0000003037400000,0x0000003037500000)]
  0x000001f9c7ca2800 JavaThread "Reference Handler" daemon [_thread_blocked, id=12680, stack(0x0000003037300000,0x0000003037400000)]
  0x000001f9b19d7800 JavaThread "Forwarding newSession on session null to remote" [_thread_in_vm, id=9188, stack(0x0000003036d00000,0x0000003036e00000)]

Other Threads:
  0x000001f9c7c81000 VMThread [stack: 0x0000003037200000,0x0000003037300000] [id=7208]
  0x000001f9c90ac800 WatcherThread [stack: 0x0000003037b00000,0x0000003037c00000] [id=16128]

VM state:not at safepoint (normal execution)

VM Mutex/Monitor currently owned by a thread: None

heap address: 0x0000000080000000, size: 2048 MB, Compressed Oops mode: 32-bit
Narrow klass base: 0x0000000000000000, Narrow klass shift: 3
Compressed class space size: 1073741824 Address: 0x0000000100000000

Heap:
 PSYoungGen      total 112128K, used 17053K [0x00000000d5580000, 0x00000000dd100000, 0x0000000100000000)
  eden space 103936K, 8% used [0x00000000d5580000,0x00000000d5e28140,0x00000000dbb00000)
  from space 8192K, 99% used [0x00000000dc580000,0x00000000dcd7f660,0x00000000dcd80000)
  to   space 10752K, 0% used [0x00000000dbb00000,0x00000000dbb00000,0x00000000dc580000)
 ParOldGen       total 59904K, used 12840K [0x0000000080000000, 0x0000000083a80000, 0x00000000d5580000)
  object space 59904K, 21% used [0x0000000080000000,0x0000000080c8a1c0,0x0000000083a80000)
 Metaspace       used 29304K, capacity 30146K, committed 30336K, reserved 1075200K
  class space    used 3441K, capacity 3676K, committed 3712K, reserved 1048576K

Card table byte_map: [0x000001f9c25f0000,0x000001f9c2a00000] byte_map_base: 0x000001f9c21f0000

Marking Bits: (ParMarkBitMap*) 0x0000000062d65390
 Begin Bits: [0x000001f9c2cb0000, 0x000001f9c4cb0000)
 End Bits:   [0x000001f9c4cb0000, 0x000001f9c6cb0000)

Polling page: 0x000001f9b1900000

CodeCache: size=245760Kb used=12086Kb max_used=12086Kb free=233673Kb
 bounds [0x000001f9b3230000, 0x000001f9b3e10000, 0x000001f9c2230000]
 total_blobs=3472 nmethods=2798 adapters=584
 compilation: enabled

Compilation events (10 events):
Event: 12.320 Thread 0x000001f9c9062800 2840       3       java.lang.invoke.InnerClassLambdaMetafactory::getParameterSize (27 bytes)
Event: 12.320 Thread 0x000001f9c9062800 nmethod 2840 0x000001f9b3dfcc50 code [0x000001f9b3dfcdc0, 0x000001f9b3dfcff8]
Event: 12.320 Thread 0x000001f9c9062800 2841       3       java.lang.invoke.MethodHandle::setVarargs (38 bytes)
Event: 12.321 Thread 0x000001f9c9062800 nmethod 2841 0x000001f9b3dfd090 code [0x000001f9b3dfd280, 0x000001f9b3dfdd30]
Event: 12.321 Thread 0x000001f9c9062800 2842       3       java.lang.invoke.MemberName::isVarargs (23 bytes)
Event: 12.322 Thread 0x000001f9c9062800 nmethod 2842 0x000001f9b3dfe0d0 code [0x000001f9b3dfe260, 0x000001f9b3dfe7d8]
Event: 12.330 Thread 0x000001f9c9062800 2844       3       java.lang.invoke.LambdaForm$MH/1620948294::linkToTargetMethod (9 bytes)
Event: 12.330 Thread 0x000001f9c9062800 nmethod 2844 0x000001f9b3dfe950 code [0x000001f9b3dfeac0, 0x000001f9b3dfef60]
Event: 12.330 Thread 0x000001f9c9062800 2845       3       java.lang.invoke.LambdaForm$DMH/510063093::invokeStatic_L_L (14 bytes)
Event: 12.330 Thread 0x000001f9c9062800 nmethod 2845 0x000001f9b3dff050 code [0x000001f9b3dff1e0, 0x000001f9b3dff740]

GC Heap History (10 events):
Event: 6.462 GC heap before
{Heap before GC invocations=9 (full 1):
 PSYoungGen      total 71168K, used 4310K [0x00000000d5580000, 0x00000000da280000, 0x0000000100000000)
  eden space 63488K, 0% used [0x00000000d5580000,0x00000000d5580000,0x00000000d9380000)
  from space 7680K, 56% used [0x00000000d9b00000,0x00000000d9f358a8,0x00000000da280000)
  to   space 7680K, 0% used [0x00000000d9380000,0x00000000d9380000,0x00000000d9b00000)
 ParOldGen       total 87552K, used 5808K [0x0000000080000000, 0x0000000085580000, 0x00000000d5580000)
  object space 87552K, 6% used [0x0000000080000000,0x00000000805ac1a0,0x0000000085580000)
 Metaspace       used 20825K, capacity 21092K, committed 21296K, reserved 1069056K
  class space    used 2304K, capacity 2432K, committed 2432K, reserved 1048576K
Event: 6.537 GC heap after
Heap after GC invocations=9 (full 1):
 PSYoungGen      total 71168K, used 0K [0x00000000d5580000, 0x00000000da280000, 0x0000000100000000)
  eden space 63488K, 0% used [0x00000000d5580000,0x00000000d5580000,0x00000000d9380000)
  from space 7680K, 0% used [0x00000000d9b00000,0x00000000d9b00000,0x00000000da280000)
  to   space 7680K, 0% used [0x00000000d9380000,0x00000000d9380000,0x00000000d9b00000)
 ParOldGen       total 59904K, used 8443K [0x0000000080000000, 0x0000000083a80000, 0x00000000d5580000)
  object space 59904K, 14% used [0x0000000080000000,0x000000008083ef48,0x0000000083a80000)
 Metaspace       used 20825K, capacity 21092K, committed 21296K, reserved 1069056K
  class space    used 2304K, capacity 2432K, committed 2432K, reserved 1048576K
}
Event: 7.458 GC heap before
{Heap before GC invocations=10 (full 1):
 PSYoungGen      total 71168K, used 63488K [0x00000000d5580000, 0x00000000da280000, 0x0000000100000000)
  eden space 63488K, 100% used [0x00000000d5580000,0x00000000d9380000,0x00000000d9380000)
  from space 7680K, 0% used [0x00000000d9b00000,0x00000000d9b00000,0x00000000da280000)
  to   space 7680K, 0% used [0x00000000d9380000,0x00000000d9380000,0x00000000d9b00000)
 ParOldGen       total 59904K, used 8443K [0x0000000080000000, 0x0000000083a80000, 0x00000000d5580000)
  object space 59904K, 14% used [0x0000000080000000,0x000000008083ef48,0x0000000083a80000)
 Metaspace       used 22449K, capacity 22752K, committed 23088K, reserved 1069056K
  class space    used 2495K, capacity 2642K, committed 2688K, reserved 1048576K
Event: 7.462 GC heap after
Heap after GC invocations=10 (full 1):
 PSYoungGen      total 71168K, used 2010K [0x00000000d5580000, 0x00000000db580000, 0x0000000100000000)
  eden space 63488K, 0% used [0x00000000d5580000,0x00000000d5580000,0x00000000d9380000)
  from space 7680K, 26% used [0x00000000d9380000,0x00000000d9576ab8,0x00000000d9b00000)
  to   space 7680K, 0% used [0x00000000dae00000,0x00000000dae00000,0x00000000db580000)
 ParOldGen       total 59904K, used 8451K [0x0000000080000000, 0x0000000083a80000, 0x00000000d5580000)
  object space 59904K, 14% used [0x0000000080000000,0x0000000080840f48,0x0000000083a80000)
 Metaspace       used 22449K, capacity 22752K, committed 23088K, reserved 1069056K
  class space    used 2495K, capacity 2642K, committed 2688K, reserved 1048576K
}
Event: 8.170 GC heap before
{Heap before GC invocations=11 (full 1):
 PSYoungGen      total 71168K, used 65498K [0x00000000d5580000, 0x00000000db580000, 0x0000000100000000)
  eden space 63488K, 100% used [0x00000000d5580000,0x00000000d9380000,0x00000000d9380000)
  from space 7680K, 26% used [0x00000000d9380000,0x00000000d9576ab8,0x00000000d9b00000)
  to   space 7680K, 0% used [0x00000000dae00000,0x00000000dae00000,0x00000000db580000)
 ParOldGen       total 59904K, used 8451K [0x0000000080000000, 0x0000000083a80000, 0x00000000d5580000)
  object space 59904K, 14% used [0x0000000080000000,0x0000000080840f48,0x0000000083a80000)
 Metaspace       used 22915K, capacity 23258K, committed 23680K, reserved 1071104K
  class space    used 2527K, capacity 2658K, committed 2688K, reserved 1048576K
Event: 8.174 GC heap after
Heap after GC invocations=11 (full 1):
 PSYoungGen      total 87552K, used 2811K [0x00000000d5580000, 0x00000000db400000, 0x0000000100000000)
  eden space 81408K, 0% used [0x00000000d5580000,0x00000000d5580000,0x00000000da500000)
  from space 6144K, 45% used [0x00000000dae00000,0x00000000db0bef08,0x00000000db400000)
  to   space 7680K, 0% used [0x00000000da500000,0x00000000da500000,0x00000000dac80000)
 ParOldGen       total 59904K, used 8451K [0x0000000080000000, 0x0000000083a80000, 0x00000000d5580000)
  object space 59904K, 14% used [0x0000000080000000,0x0000000080840f48,0x0000000083a80000)
 Metaspace       used 22915K, capacity 23258K, committed 23680K, reserved 1071104K
  class space    used 2527K, capacity 2658K, committed 2688K, reserved 1048576K
}
Event: 9.042 GC heap before
{Heap before GC invocations=12 (full 1):
 PSYoungGen      total 87552K, used 84219K [0x00000000d5580000, 0x00000000db400000, 0x0000000100000000)
  eden space 81408K, 100% used [0x00000000d5580000,0x00000000da500000,0x00000000da500000)
  from space 6144K, 45% used [0x00000000dae00000,0x00000000db0bef08,0x00000000db400000)
  to   space 7680K, 0% used [0x00000000da500000,0x00000000da500000,0x00000000dac80000)
 ParOldGen       total 59904K, used 8451K [0x0000000080000000, 0x0000000083a80000, 0x00000000d5580000)
  object space 59904K, 14% used [0x0000000080000000,0x0000000080840f48,0x0000000083a80000)
 Metaspace       used 23364K, capacity 23706K, committed 24064K, reserved 1071104K
  class space    used 2559K, capacity 2698K, committed 2816K, reserved 1048576K
Event: 9.057 GC heap after
Heap after GC invocations=12 (full 1):
 PSYoungGen      total 89088K, used 6429K [0x00000000d5580000, 0x00000000dcd80000, 0x0000000100000000)
  eden space 81408K, 0% used [0x00000000d5580000,0x00000000d5580000,0x00000000da500000)
  from space 7680K, 83% used [0x00000000da500000,0x00000000dab477b0,0x00000000dac80000)
  to   space 8192K, 0% used [0x00000000dc580000,0x00000000dc580000,0x00000000dcd80000)
 ParOldGen       total 59904K, used 8459K [0x0000000080000000, 0x0000000083a80000, 0x00000000d5580000)
  object space 59904K, 14% used [0x0000000080000000,0x0000000080842f48,0x0000000083a80000)
 Metaspace       used 23364K, capacity 23706K, committed 24064K, reserved 1071104K
  class space    used 2559K, capacity 2698K, committed 2816K, reserved 1048576K
}
Event: 11.916 GC heap before
{Heap before GC invocations=13 (full 1):
 PSYoungGen      total 89088K, used 87837K [0x00000000d5580000, 0x00000000dcd80000, 0x0000000100000000)
  eden space 81408K, 100% used [0x00000000d5580000,0x00000000da500000,0x00000000da500000)
  from space 7680K, 83% used [0x00000000da500000,0x00000000dab477b0,0x00000000dac80000)
  to   space 8192K, 0% used [0x00000000dc580000,0x00000000dc580000,0x00000000dcd80000)
 ParOldGen       total 59904K, used 8459K [0x0000000080000000, 0x0000000083a80000, 0x00000000d5580000)
  object space 59904K, 14% used [0x0000000080000000,0x0000000080842f48,0x0000000083a80000)
 Metaspace       used 28562K, capacity 29258K, committed 29440K, reserved 1075200K
  class space    used 3319K, capacity 3546K, committed 3584K, reserved 1048576K
Event: 11.934 GC heap after
Heap after GC invocations=13 (full 1):
 PSYoungGen      total 112128K, used 8189K [0x00000000d5580000, 0x00000000dd100000, 0x0000000100000000)
  eden space 103936K, 0% used [0x00000000d5580000,0x00000000d5580000,0x00000000dbb00000)
  from space 8192K, 99% used [0x00000000dc580000,0x00000000dcd7f660,0x00000000dcd80000)
  to   space 10752K, 0% used [0x00000000dbb00000,0x00000000dbb00000,0x00000000dc580000)
 ParOldGen       total 59904K, used 12840K [0x0000000080000000, 0x0000000083a80000, 0x00000000d5580000)
  object space 59904K, 21% used [0x0000000080000000,0x0000000080c8a1c0,0x0000000083a80000)
 Metaspace       used 28562K, capacity 29258K, committed 29440K, reserved 1075200K
  class space    used 3319K, capacity 3546K, committed 3584K, reserved 1048576K
}

Deoptimization events (10 events):
Event: 10.265 Thread 0x000001f9b19d7800 Uncommon trap: reason=unstable_if action=reinterpret pc=0x000001f9b3964738 method=sun.nio.fs.WindowsPathParser.isSlash(C)Z @ 9
Event: 10.453 Thread 0x000001f9b19d7800 Uncommon trap: reason=bimorphic action=maybe_recompile pc=0x000001f9b38bcca4 method=java.net.URL.<init>(Ljava/net/URL;Ljava/lang/String;Ljava/net/URLStreamHandler;)V @ 504
Event: 10.453 Thread 0x000001f9b19d7800 Uncommon trap: reason=unstable_if action=reinterpret pc=0x000001f9b34c95b8 method=sun.net.util.IPAddressUtil.scan(Ljava/lang/String;JJ[C)I @ 14
Event: 10.887 Thread 0x000001f9b19d7800 Uncommon trap: reason=unstable_if action=reinterpret pc=0x000001f9b35469fc method=sun.nio.cs.UTF_8$Decoder.decode([BII[C)I @ 30
Event: 10.887 Thread 0x000001f9b19d7800 Uncommon trap: reason=unstable_if action=reinterpret pc=0x000001f9b39fc050 method=java.lang.StringCoding.safeTrim([CILjava/nio/charset/Charset;Z)[C @ 3
Event: 10.887 Thread 0x000001f9b19d7800 Uncommon trap: reason=unstable_if action=reinterpret pc=0x000001f9b3d33f00 method=sun.security.util.DerValue.isPrintableStringChar(C)Z @ 9
Event: 10.887 Thread 0x000001f9b19d7800 Uncommon trap: reason=unstable_if action=reinterpret pc=0x000001f9b386ec98 method=java.lang.CharacterData.of(I)Ljava/lang/CharacterData; @ 4
Event: 10.899 Thread 0x000001f9b19d7800 Uncommon trap: reason=unstable_if action=reinterpret pc=0x000001f9b39f8984 method=java.lang.StringCoding.safeTrim([CILjava/nio/charset/Charset;Z)[C @ 3
Event: 10.900 Thread 0x000001f9b19d7800 Uncommon trap: reason=unstable_if action=reinterpret pc=0x000001f9b39f9f38 method=java.lang.StringCoding.safeTrim([CILjava/nio/charset/Charset;Z)[C @ 3
Event: 11.009 Thread 0x000001f9b19d7800 Uncommon trap: reason=unstable_if action=reinterpret pc=0x000001f9b3410284 method=java.lang.String.replace(CC)Ljava/lang/String; @ 2

Classes redefined (0 events):
No events

Internal exceptions (10 events):
Event: 9.610 Thread 0x000001f9b19d7800 Exception <a 'java/lang/ClassNotFoundException': com/kms/katalon/core/webui/keyword/internal/WebUIAbstractKeywordCustomizer> (0x00000000d77e9010) thrown at [C:\jenkins\workspace\zulu-platform-build\zulu-src.git\hotspot\src\share\vm\classfile\systemDiction
Event: 9.621 Thread 0x000001f9b19d7800 Exception <a 'java/lang/ClassNotFoundException': com/kms/katalon/core/webui/keyword/builtin/OpenBrowserKeywordCustomizer> (0x00000000d78db760) thrown at [C:\jenkins\workspace\zulu-platform-build\zulu-src.git\hotspot\src\share\vm\classfile\systemDictionary
Event: 9.637 Thread 0x000001f9b19d7800 Exception <a 'java/lang/ClassNotFoundException': com/kms/katalon/core/logging/KeywordLoggerBeanInfo> (0x00000000d79df598) thrown at [C:\jenkins\workspace\zulu-platform-build\zulu-src.git\hotspot\src\share\vm\classfile\systemDictionary.cpp, line 220]
Event: 9.648 Thread 0x000001f9b19d7800 Exception <a 'java/lang/ClassNotFoundException': com/kms/katalon/core/logging/KeywordLoggerCustomizer> (0x00000000d7aa1cb0) thrown at [C:\jenkins\workspace\zulu-platform-build\zulu-src.git\hotspot\src\share\vm\classfile\systemDictionary.cpp, line 220]
Event: 9.681 Thread 0x000001f9b19d7800 Exception <a 'java/lang/ClassNotFoundException': com/kms/katalon/core/webui/keyword/builtin/InternalSmartWaitGroovyWrapperBeanInfo> (0x00000000d7d54ef8) thrown at [C:\jenkins\workspace\zulu-platform-build\zulu-src.git\hotspot\src\share\vm\classfile\system
Event: 9.692 Thread 0x000001f9b19d7800 Exception <a 'java/lang/ClassNotFoundException': com/kms/katalon/core/webui/keyword/builtin/InternalSmartWaitGroovyWrapperCustomizer> (0x00000000d7e5cbd8) thrown at [C:\jenkins\workspace\zulu-platform-build\zulu-src.git\hotspot\src\share\vm\classfile\syst
Event: 11.679 Thread 0x000001f9ce047800 Exception <a 'java/net/SocketTimeoutException': connect timed out> (0x00000000d9d6ea58) thrown at [C:\jenkins\workspace\zulu-platform-build\zulu-src.git\hotspot\src\share\vm\prims\jni.cpp, line 736]
Event: 11.761 Thread 0x000001f9b19d7800 Exception <a 'java/lang/IncompatibleClassChangeError': Found class java.lang.Object, but interface was expected> (0x00000000da126b28) thrown at [C:\jenkins\workspace\zulu-platform-build\zulu-src.git\hotspot\src\share\vm\interpreter\linkResolver.cpp, line 
Event: 11.767 Thread 0x000001f9b19d7800 Exception <a 'java/lang/NoSuchMethodError': java.lang.Object.lambda$or$2(Ljava/util/function/Predicate;Ljava/lang/Object;)Z> (0x00000000da143868) thrown at [C:\jenkins\workspace\zulu-platform-build\zulu-src.git\hotspot\src\share\vm\interpreter\linkResolve
Event: 11.910 Thread 0x000001f9b19d7800 Exception <a 'java/lang/NoSuchMethodError': java.lang.Object.lambda$chars$0()Ljava/util/Spliterator$OfInt;> (0x00000000da4dfc30) thrown at [C:\jenkins\workspace\zulu-platform-build\zulu-src.git\hotspot\src\share\vm\interpreter\linkResolver.cpp, line 620]

Events (10 events):
Event: 12.326 loading class java/util/concurrent/ForkJoinPool$DefaultForkJoinWorkerThreadFactory done
Event: 12.326 loading class java/util/concurrent/ForkJoinPool$1
Event: 12.326 loading class java/util/concurrent/ForkJoinPool$1 done
Event: 12.326 loading class java/util/concurrent/ForkJoinPool$DefaultCommonPoolForkJoinWorkerThreadFactory
Event: 12.326 loading class java/util/concurrent/ForkJoinPool$DefaultCommonPoolForkJoinWorkerThreadFactory done
Event: 12.327 Thread 0x000001f9cb39e800 Thread added: 0x000001f9cb39e800
Event: 12.327 Thread 0x000001f9cd60c800 Thread added: 0x000001f9cd60c800
Event: 12.330 loading class java/util/TreeMap$EntryIterator
Event: 12.330 loading class java/util/TreeMap$EntryIterator done
Event: 12.335 Thread 0x000001f9c977a800 Thread added: 0x000001f9c977a800


Dynamic libraries:
0x00007ff7959d0000 - 0x00007ff795a21000 	C:\Users\Ams\Downloads\Katalon_Studio_Windows_64-8.6.5\Katalon_Studio_Windows_64-8.6.5\jre\bin\javaw.exe
0x00007ffa0edb0000 - 0x00007ffa0efa8000 	C:\WINDOWS\SYSTEM32\ntdll.dll
0x00007ff9fff80000 - 0x00007ff9fff99000 	C:\Program Files\Avast Software\Avast\aswhook.dll
0x00007ffa0e470000 - 0x00007ffa0e52f000 	C:\WINDOWS\System32\KERNEL32.DLL
0x00007ffa0c700000 - 0x00007ffa0c9f6000 	C:\WINDOWS\System32\KERNELBASE.dll
0x00007ffa0e830000 - 0x00007ffa0e8df000 	C:\WINDOWS\System32\ADVAPI32.dll
0x00007ffa0d390000 - 0x00007ffa0d42e000 	C:\WINDOWS\System32\msvcrt.dll
0x00007ffa0ecd0000 - 0x00007ffa0ed6c000 	C:\WINDOWS\System32\sechost.dll
0x00007ffa0eb80000 - 0x00007ffa0eca6000 	C:\WINDOWS\System32\RPCRT4.dll
0x00007ffa0e2d0000 - 0x00007ffa0e46d000 	C:\WINDOWS\System32\USER32.dll
0x00007ffa0cde0000 - 0x00007ffa0ce02000 	C:\WINDOWS\System32\win32u.dll
0x00007ffa0d280000 - 0x00007ffa0d2ac000 	C:\WINDOWS\System32\GDI32.dll
0x00007ffa0ccc0000 - 0x00007ffa0cdd5000 	C:\WINDOWS\System32\gdi32full.dll
0x00007ffa0ca00000 - 0x00007ffa0ca9d000 	C:\WINDOWS\System32\msvcp_win.dll
0x00007ffa0c540000 - 0x00007ffa0c640000 	C:\WINDOWS\System32\ucrtbase.dll
0x00007ff9ed9b0000 - 0x00007ff9edc4a000 	C:\WINDOWS\WinSxS\amd64_microsoft.windows.common-controls_6595b64144ccf1df_6.0.19041.1110_none_60b5254171f9507e\COMCTL32.dll
0x00007ffa0d440000 - 0x00007ffa0d470000 	C:\WINDOWS\System32\IMM32.DLL
0x0000000062570000 - 0x0000000062de0000 	C:\Users\Ams\Downloads\Katalon_Studio_Windows_64-8.6.5\Katalon_Studio_Windows_64-8.6.5\jre\bin\server\jvm.dll
0x00007ffa0e820000 - 0x00007ffa0e828000 	C:\WINDOWS\System32\PSAPI.DLL
0x00007ff9fff30000 - 0x00007ff9fff39000 	C:\WINDOWS\SYSTEM32\WSOCK32.dll
0x00007ffa0d6c0000 - 0x00007ffa0d72b000 	C:\WINDOWS\System32\WS2_32.dll
0x00007ff9f7e20000 - 0x00007ff9f7e47000 	C:\WINDOWS\SYSTEM32\WINMM.dll
0x00007ffa03260000 - 0x00007ffa0326a000 	C:\WINDOWS\SYSTEM32\VERSION.dll
0x00007ff9f7b70000 - 0x00007ff9f7b8b000 	C:\WINDOWS\SYSTEM32\VCRUNTIME140.dll
0x00007ffa0ac90000 - 0x00007ffa0aca2000 	C:\WINDOWS\SYSTEM32\kernel.appcore.dll
0x00007ff9fa010000 - 0x00007ff9fa020000 	C:\Users\Ams\Downloads\Katalon_Studio_Windows_64-8.6.5\Katalon_Studio_Windows_64-8.6.5\jre\bin\verify.dll
0x00007ff9ee7a0000 - 0x00007ff9ee7cb000 	C:\Users\Ams\Downloads\Katalon_Studio_Windows_64-8.6.5\Katalon_Studio_Windows_64-8.6.5\jre\bin\java.dll
0x00007ff9ee9f0000 - 0x00007ff9eea08000 	C:\Users\Ams\Downloads\Katalon_Studio_Windows_64-8.6.5\Katalon_Studio_Windows_64-8.6.5\jre\bin\zip.dll
0x00007ffa0db20000 - 0x00007ffa0e264000 	C:\WINDOWS\System32\SHELL32.dll
0x00007ffa0a3f0000 - 0x00007ffa0ab83000 	C:\WINDOWS\SYSTEM32\windows.storage.dll
0x00007ffa0d7c0000 - 0x00007ffa0db14000 	C:\WINDOWS\System32\combase.dll
0x00007ffa0bd20000 - 0x00007ffa0bd4e000 	C:\WINDOWS\SYSTEM32\Wldp.dll
0x00007ffa0ea60000 - 0x00007ffa0eb0d000 	C:\WINDOWS\System32\SHCORE.dll
0x00007ffa0eb20000 - 0x00007ffa0eb75000 	C:\WINDOWS\System32\shlwapi.dll
0x00007ffa0c3d0000 - 0x00007ffa0c3ef000 	C:\WINDOWS\SYSTEM32\profapi.dll
0x00007ff9ef0a0000 - 0x00007ff9ef0bc000 	C:\Users\Ams\Downloads\Katalon_Studio_Windows_64-8.6.5\Katalon_Studio_Windows_64-8.6.5\jre\bin\net.dll
0x00007ffa0bb00000 - 0x00007ffa0bb6a000 	C:\WINDOWS\system32\mswsock.dll
0x00007ff9ef080000 - 0x00007ff9ef093000 	C:\Users\Ams\Downloads\Katalon_Studio_Windows_64-8.6.5\Katalon_Studio_Windows_64-8.6.5\jre\bin\nio.dll
0x00007ffa0b850000 - 0x00007ffa0b91a000 	C:\WINDOWS\SYSTEM32\DNSAPI.dll
0x00007ffa0b810000 - 0x00007ffa0b84c000 	C:\WINDOWS\SYSTEM32\IPHLPAPI.DLL
0x00007ffa0eb10000 - 0x00007ffa0eb18000 	C:\WINDOWS\System32\NSI.dll
0x00007ffa00c30000 - 0x00007ffa00c3a000 	C:\Windows\System32\rasadhlp.dll
0x00007ffa013d0000 - 0x00007ffa01452000 	C:\WINDOWS\System32\fwpuclnt.dll
0x00007ffa0c640000 - 0x00007ffa0c667000 	C:\WINDOWS\System32\bcrypt.dll
0x00007ff9ee290000 - 0x00007ff9ee2b4000 	C:\Users\Ams\Downloads\Katalon_Studio_Windows_64-8.6.5\Katalon_Studio_Windows_64-8.6.5\jre\bin\sunec.dll
0x00007ff9ef470000 - 0x00007ff9ef47d000 	C:\Users\Ams\Downloads\Katalon_Studio_Windows_64-8.6.5\Katalon_Studio_Windows_64-8.6.5\jre\bin\sunmscapi.dll
0x00007ffa0caa0000 - 0x00007ffa0cbfe000 	C:\WINDOWS\System32\CRYPT32.dll
0x00007ffa0be70000 - 0x00007ffa0be98000 	C:\WINDOWS\SYSTEM32\ncrypt.dll
0x00007ffa0be30000 - 0x00007ffa0be6b000 	C:\WINDOWS\SYSTEM32\NTASN1.dll
0x00007ffa0bd60000 - 0x00007ffa0bd78000 	C:\WINDOWS\SYSTEM32\CRYPTSP.dll
0x00007ffa0b440000 - 0x00007ffa0b474000 	C:\WINDOWS\system32\rsaenh.dll
0x00007ffa0c390000 - 0x00007ffa0c3be000 	C:\WINDOWS\SYSTEM32\USERENV.dll
0x00007ffa0c670000 - 0x00007ffa0c6f2000 	C:\WINDOWS\System32\bcryptprimitives.dll
0x00007ffa0bc90000 - 0x00007ffa0bc9c000 	C:\WINDOWS\SYSTEM32\CRYPTBASE.dll
0x00007ffa01fd0000 - 0x00007ffa01fe7000 	C:\WINDOWS\SYSTEM32\dhcpcsvc6.DLL
0x00007ffa020e0000 - 0x00007ffa020fd000 	C:\WINDOWS\SYSTEM32\dhcpcsvc.DLL

VM Arguments:
jvm_args: -Dgroovy.home=C:\Users\Ams/.groovy -Djava.system.class.loader=groovy.lang.GroovyClassLoader -Xmx2048m -Dfile.encoding=UTF-8 
java_command: org.codehaus.groovy.tools.GroovyStarter --classpath C:\Users\Ams\Katalon Studio\Barbera-Testing\bin\keyword;C:\Users\Ams\Katalon Studio\Barbera-Testing\Keywords;C:\Users\Ams\Katalon Studio\Barbera-Testing\bin\listener;C:\Users\Ams\Katalon Studio\Barbera-Testing\Test Listeners;C:\Users\Ams\Katalon Studio\Barbera-Testing\bin\lib;C:\Users\Ams\Katalon Studio\Barbera-Testing\Libs;C:\Users\Ams\Katalon Studio\Barbera-Testing\bin\groovy;C:\Users\Ams\Katalon Studio\Barbera-Testing\Include\scripts\groovy;C:\Users\Ams\Downloads\Katalon_Studio_Windows_64-8.6.5\Katalon_Studio_Windows_64-8.6.5\plugins\com.kms.katalon.core_1.0.0.202305240718.jar;C:\Users\Ams\Downloads\Katalon_Studio_Windows_64-8.6.5\Katalon_Studio_Windows_64-8.6.5\configuration\resources\lib\aalto-xml-1.0.0.jar;C:\Users\Ams\Downloads\Katalon_Studio_Windows_64-8.6.5\Katalon_Studio_Windows_64-8.6.5\configuration\resources\lib\aspectjweaver-1.9.1.jar;C:\Users\Ams\Downloads\Katalon_Studio_Windows_64-8.6.5\Katalon_Studio_Windows_64-8.6.5\configuration\resources\lib\bcpkix-jdk15on-1.64.jar;C:\Users\Ams\Downloads\Katalon_Studio_Windows_64-8.6.5\Katalon_Studio_Windows_64-8.6.5\configuration\resources\lib\bcprov-jdk15on-1.64.jar;C:\Users\Ams\Downloads\Katalon_Studio_Windows_64-8.6.5\Katalon_Studio_Windows_64-8.6.5\configuration\resources\lib\browsermob-core-2.1.5.jar;C:\Users\Ams\Downloads\Katalon_Studio_Windows_64-8.6.5\Katalon_Studio_Windows_64-8.6.5\configuration\resources\lib\cglib-3.2.10.jar;C:\Users\Ams\Downloads\Katalon_Studio_Windows_64-8.6.5\Katalon_Studio_Windows_64-8.6.5\configuration\resources\lib\commons-codec-1.10.jar;C:\Users\Ams\Downloads\Katalon_Studio_Windows_64-8.6.5\Katalon_Studio_Windows_64-8.6.5\configuration\resources\lib\commons-collections4-4.1.jar;C:\Users\Ams\Downloads\Katalon_Studio_Windows_64-8.6.5\Katalon_Studio_Windows_64-8.6.5\configuration\resources\lib\commons-validator-1.6.jar;C:\Users\Ams\Downloads\Katalon_Studio_Windows_64-8.6.5\Katalon_Studio_Windows_64-8.6.5\configurat
java_class_path (initial): C:\Users\Ams\Katalon Studio\Barbera-Testing\bin\keyword;C:\Users\Ams\Katalon Studio\Barbera-Testing\bin\listener;C:\Users\Ams\Katalon Studio\Barbera-Testing\bin\lib;C:\Users\Ams\Katalon Studio\Barbera-Testing\bin\groovy;C:\Users\Ams\Katalon Studio\Barbera-Testing\bin;C:\Users\Ams\Downloads\Katalon_Studio_Windows_64-8.6.5\Katalon_Studio_Windows_64-8.6.5\plugins\com.kms.katalon.core_1.0.0.202305240718.jar;C:\Users\Ams\Downloads\Katalon_Studio_Windows_64-8.6.5\Katalon_Studio_Windows_64-8.6.5\configuration\resources\lib\aalto-xml-1.0.0.jar;C:\Users\Ams\Downloads\Katalon_Studio_Windows_64-8.6.5\Katalon_Studio_Windows_64-8.6.5\configuration\resources\lib\aspectjweaver-1.9.1.jar;C:\Users\Ams\Downloads\Katalon_Studio_Windows_64-8.6.5\Katalon_Studio_Windows_64-8.6.5\configuration\resources\lib\bcpkix-jdk15on-1.64.jar;C:\Users\Ams\Downloads\Katalon_Studio_Windows_64-8.6.5\Katalon_Studio_Windows_64-8.6.5\configuration\resources\lib\bcprov-jdk15on-1.64.jar;C:\Users\Ams\Downloads\Katalon_Studio_Windows_64-8.6.5\Katalon_Studio_Windows_64-8.6.5\configuration\resources\lib\browsermob-core-2.1.5.jar;C:\Users\Ams\Downloads\Katalon_Studio_Windows_64-8.6.5\Katalon_Studio_Windows_64-8.6.5\configuration\resources\lib\cglib-3.2.10.jar;C:\Users\Ams\Downloads\Katalon_Studio_Windows_64-8.6.5\Katalon_Studio_Windows_64-8.6.5\configuration\resources\lib\commons-codec-1.10.jar;C:\Users\Ams\Downloads\Katalon_Studio_Windows_64-8.6.5\Katalon_Studio_Windows_64-8.6.5\configuration\resources\lib\commons-collections4-4.1.jar;C:\Users\Ams\Downloads\Katalon_Studio_Windows_64-8.6.5\Katalon_Studio_Windows_64-8.6.5\configuration\resources\lib\commons-validator-1.6.jar;C:\Users\Ams\Downloads\Katalon_Studio_Windows_64-8.6.5\Katalon_Studio_Windows_64-8.6.5\configuration\resources\lib\curvesapi-1.04.jar;C:\Users\Ams\Downloads\Katalon_Studio_Windows_64-8.6.5\Katalon_Studio_Windows_64-8.6.5\configuration\resources\lib\dnsjava-2.1.8.jar;C:\Users\Ams\Downloads\Katalon_Studio_Windows_64-
Launcher Type: SUN_STANDARD

Environment Variables:
PATH=C:/Users/Ams/Downloads/Katalon_Studio_Windows_64-8.6.5/Katalon_Studio_Windows_64-8.6.5/jre/bin/server;C:/Users/Ams/Downloads/Katalon_Studio_Windows_64-8.6.5/Katalon_Studio_Windows_64-8.6.5/jre/bin;C:/Users/Ams/Downloads/Katalon_Studio_Windows_64-8.6.5/Katalon_Studio_Windows_64-8.6.5/jre/lib/amd64;E:\oracle\product\10.2.0\db_2\bin;E:\Oracle\bin;F:\Python Stuff\Scripts\;F:\Python Stuff\;E:\python\Scripts\;E:\python\;C:\WINDOWS\system32;C:\WINDOWS;C:\WINDOWS\System32\Wbem;C:\WINDOWS\System32\WindowsPowerShell\v1.0\;C:\WINDOWS\System32\OpenSSH\;E:\mingw32\bin;C:\Program Files\Git\cmd;C:\Program Files\Geth;C:\ProgramData\chocolatey\bin;E:\ALL SOFTWARES(SHAYAN)\;C:\Users\Ams\AppData\Local\Microsoft\WindowsApps;E:\ALL SOFTWARES(SHAYAN)\GitHubDesktop\bin;C:\Program Files\Azure Data Studio\bin;C:\Program Files\heroku\bin;C:\Program Files\MongoDB\Server\5.0\bin;C:\Users\Ams\AppData\Local\Programs\Microsoft VS Code\bin;E:\android\Sdk\platform-tools;C:\Users\Ams\AppData\Roaming\npm;C:\Program Files\nodejs;E:\ALL SOFTWARES(SHAYAN)\msys64\mingw64\bin;;C:\Users\Ams\Downloads\Katalon_Studio_Windows_64-8.6.5\Katalon_Studio_Windows_64-8.6.5;
USERNAME=Ams
OS=Windows_NT
PROCESSOR_IDENTIFIER=Intel64 Family 6 Model 42 Stepping 7, GenuineIntel



---------------  S Y S T E M  ---------------

OS: Windows 10 , 64 bit Build 19041 (10.0.19041.3031)
HyperV virtualization detected

CPU:total 4 (initial active 4) (2 cores per cpu, 2 threads per core) family 6 model 42 stepping 7, cmov, cx8, fxsr, mmx, sse, sse2, sse3, ssse3, sse4.1, sse4.2, popcnt, avx, aes, clmul, ht, tsc, tscinvbit

Memory: 4k page, physical 8266428k(1388320k free), swap 10217148k(5144k free)

vm_info: OpenJDK 64-Bit Server VM (25.362-b09) for windows-amd64 JRE (Zulu 8.68.0.21-CA-win64) (1.8.0_362-b09), built on Jan 19 2023 16:49:02 by "tester" with MS VC++ 15.9 (VS2017)

time: Sun Jul  2 15:53:43 2023
timezone: Pakistan Standard Time
elapsed time: 12.354392 seconds (0d 0h 0m 12s)

